<?xml version="1.0" encoding="UTF-8"?>
<testsuite xmlns:xsi="http://www.w3.org/2001/XMLSchema-instance" xsi:noNamespaceSchemaLocation="https://maven.apache.org/surefire/maven-surefire-plugin/xsd/surefire-test-report.xsd" version="3.0.1" name="com.example.StudentAnalyzerTest" time="0.069" tests="4" errors="0" skipped="0" failures="0">
  <properties>
[...]
</properties>
  <testcase name="testCalculateValidAverage_AllInvalid" classname="com.example.StudentAnalyzerTest" time="0.032"/>
  <testcase name="testCountExcellentStudents_NormalCase" classname="com.example.StudentAnalyzerTest" time="0.001"/>
  <testcase name="testCountExcellentStudents_EmptyList" classname="com.example.StudentAnalyzerTest" time="0.001"/>
  <testcase name="testCalculateValidAverage_NormalCase" classname="com.example.StudentAnalyzerTest" time="0.001"/>
</testsuite>